2025-11-24 18:43:10,489 INFO MapGenerator initialized with width=100, height=100, min_distance=5
2025-11-24 18:43:10,491 INFO Starting Poisson disc sampling: width=100, height=100, min_distance=5, k=20
2025-11-24 18:43:10,492 INFO Initial point: (14.826897073480616, 53.32884812861718)
2025-11-24 18:43:10,493 INFO Accepted new point: (np.float64(20.587854863631886), np.float64(47.64492353082666))
2025-11-24 18:43:10,493 INFO Accepted new point: (np.float64(9.227894329942275), np.float64(57.10304537459425))
2025-11-24 18:43:10,494 INFO Accepted new point: (np.float64(12.952137467456552), np.float64(45.81008850510933))
2025-11-24 18:43:10,495 INFO Accepted new point: (np.float64(15.001642244686323), np.float64(63.18664526443666))
2025-11-24 18:43:10,495 INFO Accepted new point: (np.float64(23.36380506565844), np.float64(58.328460182551176))
2025-11-24 18:43:10,496 INFO Accepted new point: (np.float64(9.474110335861468), np.float64(49.431351327358946))
2025-11-24 18:43:10,497 INFO Accepted new point: (np.float64(24.27748527452441), np.float64(64.90350017735251))
2025-11-24 18:43:10,498 INFO Accepted new point: (np.float64(5.654470268874952), np.float64(64.79166192044747))
2025-11-24 18:43:10,498 INFO Accepted new point: (np.float64(17.94263060170336), np.float64(58.55508669370037))
2025-11-24 18:43:10,500 INFO Accepted new point: (np.float64(4.398603434253687), np.float64(59.70658118372973))
2025-11-24 18:43:10,500 INFO Accepted new point: (np.float64(0.1842972236755056), np.float64(54.33733523372976))
2025-11-24 18:43:10,502 INFO Accepted new point: (np.float64(10.852791760462479), np.float64(40.03574373615429))
2025-11-24 18:43:10,503 INFO Accepted new point: (np.float64(9.863103831930509), np.float64(69.2511573636669))
2025-11-24 18:43:10,503 INFO Accepted new point: (np.float64(4.841805063981749), np.float64(45.37158665307417))
2025-11-24 18:43:10,504 INFO Accepted new point: (np.float64(2.7099730475388113), np.float64(74.2762296734235))
2025-11-24 18:43:10,504 INFO Accepted new point: (np.float64(16.401283762723683), np.float64(72.21059254576048))
2025-11-24 18:43:10,505 INFO Accepted new point: (np.float64(28.65134813939337), np.float64(56.45304173590981))
2025-11-24 18:43:10,507 INFO Accepted new point: (np.float64(33.57732575545773), np.float64(64.65153601255034))
2025-11-24 18:43:10,508 INFO Accepted new point: (np.float64(35.69020243681597), np.float64(50.700733698844346))
2025-11-24 18:43:10,509 INFO Accepted new point: (np.float64(43.89064445822939), np.float64(51.5449984329126))
2025-11-24 18:43:10,509 INFO Accepted new point: (np.float64(38.71411305423859), np.float64(56.72160841509372))
2025-11-24 18:43:10,510 INFO Accepted new point: (np.float64(49.474607994579685), np.float64(53.62311620135819))
2025-11-24 18:43:10,511 INFO Accepted new point: (np.float64(52.70927059540932), np.float64(61.47478299564411))
2025-11-24 18:43:10,512 INFO Accepted new point: (np.float64(56.476450880039884), np.float64(58.104302416960685))
2025-11-24 18:43:10,512 INFO Accepted new point: (np.float64(15.358746809638603), np.float64(81.1066381176031))
2025-11-24 18:43:10,513 INFO Accepted new point: (np.float64(4.482849983939345), np.float64(82.58887707311315))
2025-11-24 18:43:10,514 INFO Accepted new point: (np.float64(7.142034295920418), np.float64(77.41777533714412))
2025-11-24 18:43:10,514 INFO Accepted new point: (np.float64(18.230169602508212), np.float64(76.98321935613185))
2025-11-24 18:43:10,515 INFO Accepted new point: (np.float64(19.312503435353676), np.float64(40.08523030850032))
2025-11-24 18:43:10,515 INFO Accepted new point: (np.float64(9.967288657657377), np.float64(83.47151773278449))
2025-11-24 18:43:10,516 INFO Accepted new point: (np.float64(42.702672834260106), np.float64(61.47796112423768))
2025-11-24 18:43:10,517 INFO Accepted new point: (np.float64(0.08917868822241992), np.float64(38.90716160370917))
2025-11-24 18:43:10,518 INFO Accepted new point: (np.float64(56.79365219946188), np.float64(49.13521485273827))
2025-11-24 18:43:10,519 INFO Accepted new point: (np.float64(24.42461656194386), np.float64(73.58296969585963))
2025-11-24 18:43:10,520 INFO Accepted new point: (np.float64(24.244611914622144), np.float64(79.5466192760964))
2025-11-24 18:43:10,521 INFO Accepted new point: (np.float64(30.89751243160737), np.float64(69.04115912382399))
2025-11-24 18:43:10,521 INFO Accepted new point: (np.float64(0.12267824170182795), np.float64(49.17775805632356))
2025-11-24 18:43:10,522 INFO Accepted new point: (np.float64(1.3848219078934252), np.float64(33.24421361826394))
2025-11-24 18:43:10,523 INFO Accepted new point: (np.float64(29.189144988594904), np.float64(45.464685910645414))
2025-11-24 18:43:10,523 INFO Accepted new point: (np.float64(6.344134185373818), np.float64(35.340610261375296))
2025-11-24 18:43:10,524 INFO Accepted new point: (np.float64(20.54139799526928), np.float64(34.97729330676499))
2025-11-24 18:43:10,525 INFO Accepted new point: (np.float64(29.315490718968533), np.float64(79.72537443190593))
2025-11-24 18:43:10,525 INFO Accepted new point: (np.float64(28.297226207039465), np.float64(39.81081304315222))
2025-11-24 18:43:10,526 INFO Accepted new point: (np.float64(20.079788926890927), np.float64(84.45115420158434))
2025-11-24 18:43:10,527 INFO Accepted new point: (np.float64(58.36963696883649), np.float64(63.30418139425968))
2025-11-24 18:43:10,528 INFO Accepted new point: (np.float64(36.396280304831315), np.float64(45.304224624694314))
2025-11-24 18:43:10,528 INFO Accepted new point: (np.float64(15.72141209415158), np.float64(88.13887012261537))
2025-11-24 18:43:10,529 INFO Accepted new point: (np.float64(1.1019114404621924), np.float64(88.68026672968182))
2025-11-24 18:43:10,530 INFO Accepted new point: (np.float64(13.200788362485023), np.float64(34.93385996893862))
2025-11-24 18:43:10,530 INFO Accepted new point: (np.float64(19.401735067835666), np.float64(29.218359407794267))
2025-11-24 18:43:10,531 INFO Accepted new point: (np.float64(25.631821015557897), np.float64(49.50089046944893))
2025-11-24 18:43:10,532 INFO Accepted new point: (np.float64(27.462229898527504), np.float64(30.85243554288864))
2025-11-24 18:43:10,534 INFO Accepted new point: (np.float64(6.164722718043208), np.float64(94.61750727347616))
2025-11-24 18:43:10,535 INFO Accepted new point: (np.float64(51.81392480294162), np.float64(48.24519011375333))
2025-11-24 18:43:10,536 INFO Accepted new point: (np.float64(21.388289404665507), np.float64(91.17935047101702))
2025-11-24 18:43:10,537 INFO Accepted new point: (np.float64(18.449335268312005), np.float64(66.8536572033275))
2025-11-24 18:43:10,538 INFO Accepted new point: (np.float64(15.592242042477643), np.float64(25.9337836538455))
2025-11-24 18:43:10,539 INFO Accepted new point: (np.float64(33.96886311301112), np.float64(39.48291903180432))
2025-11-24 18:43:10,539 INFO Accepted new point: (np.float64(30.507667966882277), np.float64(74.78225191881656))
2025-11-24 18:43:10,540 INFO Accepted new point: (np.float64(11.432866341194487), np.float64(91.9596178599428))
2025-11-24 18:43:10,541 INFO Accepted new point: (np.float64(46.2063124301959), np.float64(44.36867986512998))
2025-11-24 18:43:10,542 INFO Accepted new point: (np.float64(37.5113708895975), np.float64(69.30709731917196))
2025-11-24 18:43:10,543 INFO Accepted new point: (np.float64(6.896518895229825), np.float64(89.43640011685092))
2025-11-24 18:43:10,543 INFO Accepted new point: (np.float64(3.3458138166041715), np.float64(28.300513331857772))
2025-11-24 18:43:10,544 INFO Accepted new point: (np.float64(58.45707205552922), np.float64(68.74855449670612))
2025-11-24 18:43:10,546 INFO Accepted new point: (np.float64(26.364730353377833), np.float64(87.14933461365683))
2025-11-24 18:43:10,546 INFO Accepted new point: (np.float64(64.87408268754437), np.float64(58.55714710412218))
2025-11-24 18:43:10,547 INFO Accepted new point: (np.float64(8.644592131255443), np.float64(22.663386840413924))
2025-11-24 18:43:10,548 INFO Accepted new point: (np.float64(30.467269946275167), np.float64(51.50652776920224))
2025-11-24 18:43:10,549 INFO Accepted new point: (np.float64(64.25713674629822), np.float64(68.73010627801891))
2025-11-24 18:43:10,550 INFO Accepted new point: (np.float64(70.98230638573864), np.float64(64.35023648814045))
2025-11-24 18:43:10,551 INFO Accepted new point: (np.float64(15.325686118185828), np.float64(96.79145604559984))
2025-11-24 18:43:10,552 INFO Accepted new point: (np.float64(0.2469871659042635), np.float64(69.11763178912851))
2025-11-24 18:43:10,553 INFO Accepted new point: (np.float64(42.563126619413005), np.float64(77.82031609729327))
2025-11-24 18:43:10,553 INFO Accepted new point: (np.float64(6.238421343766789), np.float64(13.547801819414712))
2025-11-24 18:43:10,554 INFO Accepted new point: (np.float64(36.54175571247429), np.float64(79.19453417524832))
2025-11-24 18:43:10,555 INFO Accepted new point: (np.float64(33.8047234658761), np.float64(58.08878789723556))
2025-11-24 18:43:10,556 INFO Accepted new point: (np.float64(48.76054791083542), np.float64(36.987235728287615))
2025-11-24 18:43:10,556 INFO Accepted new point: (np.float64(34.547981975011076), np.float64(32.38802501167558))
2025-11-24 18:43:10,557 INFO Accepted new point: (np.float64(31.36014908309531), np.float64(86.41206015651262))
2025-11-24 18:43:10,558 INFO Accepted new point: (np.float64(10.125273967381393), np.float64(29.600454980940984))
2025-11-24 18:43:10,559 INFO Accepted new point: (np.float64(19.108434305242376), np.float64(21.85731208366022))
2025-11-24 18:43:10,559 INFO Accepted new point: (np.float64(3.5090702927180915), np.float64(4.595626791362944))
2025-11-24 18:43:10,560 INFO Accepted new point: (np.float64(13.4472877095045), np.float64(19.118395680721168))
2025-11-24 18:43:10,562 INFO Accepted new point: (np.float64(15.763457475111284), np.float64(13.205508757519986))
2025-11-24 18:43:10,563 INFO Accepted new point: (np.float64(50.00445984060772), np.float64(65.94143874373498))
2025-11-24 18:43:10,563 INFO Accepted new point: (np.float64(28.45889747018548), np.float64(94.55297201010306))
2025-11-24 18:43:10,565 INFO Accepted new point: (np.float64(43.26987649537006), np.float64(71.76911056841939))
2025-11-24 18:43:10,566 INFO Accepted new point: (np.float64(25.38397793066474), np.float64(99.54282612139116))
2025-11-24 18:43:10,567 INFO Accepted new point: (np.float64(20.796965022415353), np.float64(96.66654690593468))
2025-11-24 18:43:10,568 INFO Accepted new point: (np.float64(25.240998117829093), np.float64(14.274794328334732))
2025-11-24 18:43:10,569 INFO Accepted new point: (np.float64(40.46981851831043), np.float64(36.7479149231416))
2025-11-24 18:43:10,570 INFO Accepted new point: (np.float64(52.2884186949822), np.float64(42.582114121576296))
2025-11-24 18:43:10,571 INFO Accepted new point: (np.float64(49.261751715825795), np.float64(29.300044610029524))
2025-11-24 18:43:10,572 INFO Accepted new point: (np.float64(21.83075980939458), np.float64(52.76585257034346))
2025-11-24 18:43:10,573 INFO Accepted new point: (np.float64(33.42465367954926), np.float64(93.52474556501865))
2025-11-24 18:43:10,574 INFO Accepted new point: (np.float64(56.92565845293747), np.float64(35.26358353742943))
2025-11-24 18:43:10,574 INFO Accepted new point: (np.float64(65.03793551278642), np.float64(52.08075764377947))
2025-11-24 18:43:10,575 INFO Accepted new point: (np.float64(50.73410652401226), np.float64(80.33139340469722))
2025-11-24 18:43:10,576 INFO Accepted new point: (np.float64(39.66579120741354), np.float64(30.778776732166847))
2025-11-24 18:43:10,577 INFO Accepted new point: (np.float64(42.791803621866656), np.float64(84.25137220163045))
2025-11-24 18:43:10,578 INFO Accepted new point: (np.float64(35.63036312465062), np.float64(98.11622086479167))
2025-11-24 18:43:10,579 INFO Accepted new point: (np.float64(39.00145410155419), np.float64(91.66922100373067))
2025-11-24 18:43:10,579 INFO Accepted new point: (np.float64(41.28074962935025), np.float64(42.855980557165886))
2025-11-24 18:43:10,581 INFO Accepted new point: (np.float64(28.974204507791853), np.float64(61.512653344967596))
2025-11-24 18:43:10,582 INFO Accepted new point: (np.float64(51.27955973950846), np.float64(71.79022250416628))
2025-11-24 18:43:10,584 INFO Accepted new point: (np.float64(48.422883199667865), np.float64(58.55251467324945))
2025-11-24 18:43:10,586 INFO Accepted new point: (np.float64(37.031465901032654), np.float64(24.35981592285728))
2025-11-24 18:43:10,586 INFO Accepted new point: (np.float64(10.709827557043294), np.float64(6.777836833697676))
2025-11-24 18:43:10,587 INFO Accepted new point: (np.float64(31.857937735147747), np.float64(27.083848291328888))
2025-11-24 18:43:10,588 INFO Accepted new point: (np.float64(9.77210196640643), np.float64(99.0711123012654))
2025-11-24 18:43:10,591 INFO Accepted new point: (np.float64(70.92565331251026), np.float64(58.79167148839312))
2025-11-24 18:43:10,592 INFO Accepted new point: (np.float64(44.255976782645504), np.float64(25.88506927646076))
2025-11-24 18:43:10,593 INFO Accepted new point: (np.float64(29.19324184701181), np.float64(20.91530100133464))
2025-11-24 18:43:10,594 INFO Accepted new point: (np.float64(52.09435123284226), np.float64(24.411944590880196))
2025-11-24 18:43:10,596 INFO Accepted new point: (np.float64(37.71401756695007), np.float64(84.68935120099377))
2025-11-24 18:43:10,596 INFO Accepted new point: (np.float64(59.46080242367037), np.float64(77.0680675123661))
2025-11-24 18:43:10,597 INFO Accepted new point: (np.float64(1.5164575003750587), np.float64(97.54464091714306))
2025-11-24 18:43:10,598 INFO Accepted new point: (np.float64(72.53584344683104), np.float64(72.70598842045631))
2025-11-24 18:43:10,600 INFO Accepted new point: (np.float64(22.186247324340815), np.float64(8.277200981046967))
2025-11-24 18:43:10,601 INFO Accepted new point: (np.float64(12.141797216620596), np.float64(0.08799876053849331))
2025-11-24 18:43:10,603 INFO Accepted new point: (np.float64(1.994904242047587), np.float64(9.95493283506862))
2025-11-24 18:43:10,604 INFO Accepted new point: (np.float64(76.32905344269373), np.float64(81.57546258283408))
2025-11-24 18:43:10,605 INFO Accepted new point: (np.float64(25.354559526079115), np.float64(0.6520346662896372))
2025-11-24 18:43:10,606 INFO Accepted new point: (np.float64(4.159630990137492), np.float64(19.482870057052537))
2025-11-24 18:43:10,606 INFO Accepted new point: (np.float64(73.4980526067413), np.float64(53.99527845935102))
2025-11-24 18:43:10,608 INFO Accepted new point: (np.float64(44.83714644618346), np.float64(32.613700997604155))
2025-11-24 18:43:10,609 INFO Accepted new point: (np.float64(59.13564039633562), np.float64(30.12181033135128))
2025-11-24 18:43:10,610 INFO Accepted new point: (np.float64(18.996123859940905), np.float64(2.3656743232418282))
2025-11-24 18:43:10,611 INFO Accepted new point: (np.float64(74.06569889295248), np.float64(48.54487430607559))
2025-11-24 18:43:10,612 INFO Accepted new point: (np.float64(24.571383512784774), np.float64(26.182221006293425))
2025-11-24 18:43:10,612 INFO Accepted new point: (np.float64(78.79934048263856), np.float64(63.34423037439946))
2025-11-24 18:43:10,613 INFO Accepted new point: (np.float64(43.044681224802204), np.float64(97.89567364695841))
2025-11-24 18:43:10,614 INFO Accepted new point: (np.float64(80.80814160632407), np.float64(56.88770768601946))
2025-11-24 18:43:10,615 INFO Accepted new point: (np.float64(55.3408666074215), np.float64(82.54066459650808))
2025-11-24 18:43:10,616 INFO Accepted new point: (np.float64(75.8899437206611), np.float64(68.38668369744016))
2025-11-24 18:43:10,617 INFO Accepted new point: (np.float64(66.78884305995255), np.float64(73.28794372583538))
2025-11-24 18:43:10,618 INFO Accepted new point: (np.float64(61.998962772646195), np.float64(46.66167359912521))
2025-11-24 18:43:10,619 INFO Accepted new point: (np.float64(7.143047640165433), np.float64(0.24258247888243822))
2025-11-24 18:43:10,620 INFO Accepted new point: (np.float64(29.382109649714685), np.float64(4.742899510589998))
2025-11-24 18:43:10,621 INFO Accepted new point: (np.float64(79.5041215690458), np.float64(50.82231537635398))
2025-11-24 18:43:10,622 INFO Accepted new point: (np.float64(66.39675872040449), np.float64(37.598554904971365))
2025-11-24 18:43:10,624 INFO Accepted new point: (np.float64(69.97675385025917), np.float64(45.57885833614949))
2025-11-24 18:43:10,625 INFO Accepted new point: (np.float64(80.31533697253111), np.float64(75.01345325166884))
2025-11-24 18:43:10,626 INFO Accepted new point: (np.float64(35.963872070698514), np.float64(18.106436285856546))
2025-11-24 18:43:10,628 INFO Accepted new point: (np.float64(44.06833014042121), np.float64(66.40856290470845))
2025-11-24 18:43:10,629 INFO Accepted new point: (np.float64(32.969804713811264), np.float64(9.94111080602081))
2025-11-24 18:43:10,631 INFO Accepted new point: (np.float64(32.17611270985712), np.float64(0.10345933954431197))
2025-11-24 18:43:10,631 INFO Accepted new point: (np.float64(75.96890973976073), np.float64(59.176978846867435))
2025-11-24 18:43:10,634 INFO Accepted new point: (np.float64(61.555477301442494), np.float64(39.12309984588109))
2025-11-24 18:43:10,635 INFO Accepted new point: (np.float64(0.2809086111651853), np.float64(0.6321360704066203))
2025-11-24 18:43:10,636 INFO Accepted new point: (np.float64(70.06013562748338), np.float64(77.94574091546612))
2025-11-24 18:43:10,637 INFO Accepted new point: (np.float64(73.74433622002203), np.float64(40.55179802448849))
2025-11-24 18:43:10,638 INFO Accepted new point: (np.float64(48.261301000813624), np.float64(89.8154941113448))
2025-11-24 18:43:10,640 INFO Accepted new point: (np.float64(36.9977285027632), np.float64(4.253077207765694))
2025-11-24 18:43:10,642 INFO Accepted new point: (np.float64(55.363648722879915), np.float64(87.58838989264707))
2025-11-24 18:43:10,643 INFO Accepted new point: (np.float64(83.67357859758638), np.float64(70.49066848833398))
2025-11-24 18:43:10,645 INFO Accepted new point: (np.float64(43.801836310218725), np.float64(19.437458608216502))
2025-11-24 18:43:10,646 INFO Accepted new point: (np.float64(86.75321868541666), np.float64(65.53730831365287))
2025-11-24 18:43:10,647 INFO Accepted new point: (np.float64(65.56346884906564), np.float64(43.14794656239167))
2025-11-24 18:43:10,648 INFO Accepted new point: (np.float64(37.50311173009685), np.float64(12.506385715873616))
2025-11-24 18:43:10,649 INFO Accepted new point: (np.float64(69.81286267713868), np.float64(33.69046325482904))
2025-11-24 18:43:10,651 INFO Accepted new point: (np.float64(64.31885820486558), np.float64(32.71791370180242))
2025-11-24 18:43:10,652 INFO Accepted new point: (np.float64(89.03147943031537), np.float64(78.55109369965983))
2025-11-24 18:43:10,654 INFO Accepted new point: (np.float64(79.05521524511074), np.float64(43.9823707943352))
2025-11-24 18:43:10,656 INFO Accepted new point: (np.float64(57.68855467167776), np.float64(42.35140703076866))
2025-11-24 18:43:10,657 INFO Accepted new point: (np.float64(15.671378954026075), np.float64(8.168759968519646))
2025-11-24 18:43:10,658 INFO Accepted new point: (np.float64(65.91227919829204), np.float64(80.8841826458234))
2025-11-24 18:43:10,659 INFO Accepted new point: (np.float64(60.29249827503876), np.float64(85.33881967158794))
2025-11-24 18:43:10,661 INFO Accepted new point: (np.float64(96.20292098582352), np.float64(72.44481624866249))
2025-11-24 18:43:10,662 INFO Accepted new point: (np.float64(60.0870190645603), np.float64(53.09008846923776))
2025-11-24 18:43:10,663 INFO Accepted new point: (np.float64(84.29017479240365), np.float64(84.45544757676116))
2025-11-24 18:43:10,665 INFO Accepted new point: (np.float64(69.4407049802585), np.float64(27.692089572746447))
2025-11-24 18:43:10,665 INFO Accepted new point: (np.float64(43.816467514128476), np.float64(12.407315516306308))
2025-11-24 18:43:10,666 INFO Accepted new point: (np.float64(48.698223166130774), np.float64(99.78296153898809))
2025-11-24 18:43:10,667 INFO Accepted new point: (np.float64(58.44769522150122), np.float64(22.917761468696963))
2025-11-24 18:43:10,669 INFO Accepted new point: (np.float64(87.86031796409577), np.float64(57.13351783926024))
2025-11-24 18:43:10,670 INFO Accepted new point: (np.float64(38.49306086131955), np.float64(74.33046921900691))
2025-11-24 18:43:10,671 INFO Accepted new point: (np.float64(67.8227336789999), np.float64(88.05072304968743))
2025-11-24 18:43:10,672 INFO Accepted new point: (np.float64(70.3478500640249), np.float64(83.21985890563403))
2025-11-24 18:43:10,673 INFO Accepted new point: (np.float64(42.20779396591323), np.float64(3.7289037083299164))
2025-11-24 18:43:10,674 INFO Accepted new point: (np.float64(53.31954774087539), np.float64(93.31182720905039))
2025-11-24 18:43:10,675 INFO Accepted new point: (np.float64(76.59782387399231), np.float64(91.66564831670692))
2025-11-24 18:43:10,675 INFO Accepted new point: (np.float64(80.40068432255941), np.float64(35.02022450332815))
2025-11-24 18:43:10,676 INFO Accepted new point: (np.float64(86.28155983391767), np.float64(50.48589049971129))
2025-11-24 18:43:10,677 INFO Accepted new point: (np.float64(51.08158832188471), np.float64(14.343229994524705))
2025-11-24 18:43:10,678 INFO Accepted new point: (np.float64(94.44971434609248), np.float64(82.9528257294659))
2025-11-24 18:43:10,679 INFO Accepted new point: (np.float64(50.39529402979073), np.float64(8.114879023737103))
2025-11-24 18:43:10,680 INFO Accepted new point: (np.float64(75.19950960815235), np.float64(32.425455907748216))
2025-11-24 18:43:10,681 INFO Accepted new point: (np.float64(65.58401601252449), np.float64(23.355894550258547))
2025-11-24 18:43:10,682 INFO Accepted new point: (np.float64(59.47470965037036), np.float64(91.71390359317205))
2025-11-24 18:43:10,683 INFO Accepted new point: (np.float64(99.15776287738356), np.float64(86.253782096359))
2025-11-24 18:43:10,683 INFO Accepted new point: (np.float64(69.70138029104642), np.float64(94.15134791318214))
2025-11-24 18:43:10,686 INFO Accepted new point: (np.float64(82.00386807480821), np.float64(90.83177441506056))
2025-11-24 18:43:10,687 INFO Accepted new point: (np.float64(92.47990080140833), np.float64(52.54372811414533))
2025-11-24 18:43:10,688 INFO Accepted new point: (np.float64(78.31026674611053), np.float64(99.21826490228631))
2025-11-24 18:43:10,690 INFO Accepted new point: (np.float64(84.03217130682056), np.float64(98.68652404731807))
2025-11-24 18:43:10,691 INFO Accepted new point: (np.float64(92.34604754650847), np.float64(66.92593110063994))
2025-11-24 18:43:10,691 INFO Accepted new point: (np.float64(85.37197637599077), np.float64(41.290995153802506))
2025-11-24 18:43:10,692 INFO Accepted new point: (np.float64(89.79327172958192), np.float64(84.84101859550995))
2025-11-24 18:43:10,694 INFO Accepted new point: (np.float64(90.28575054142112), np.float64(90.23734834430057))
2025-11-24 18:43:10,695 INFO Accepted new point: (np.float64(90.66555993640576), np.float64(71.94635909762916))
2025-11-24 18:43:10,697 INFO Accepted new point: (np.float64(97.04365912916869), np.float64(78.26601783786296))
2025-11-24 18:43:10,698 INFO Accepted new point: (np.float64(94.81926990774856), np.float64(92.88899814329652))
2025-11-24 18:43:10,699 INFO Accepted new point: (np.float64(64.48167785873555), np.float64(96.48789426338867))
2025-11-24 18:43:10,702 INFO Accepted new point: (np.float64(81.4349608717171), np.float64(80.01472022761878))
2025-11-24 18:43:10,705 INFO Accepted new point: (np.float64(87.1190938348172), np.float64(32.966662612603095))
2025-11-24 18:43:10,706 INFO Accepted new point: (np.float64(59.15323019135749), np.float64(12.544549883514565))
2025-11-24 18:43:10,706 INFO Accepted new point: (np.float64(56.518962987291914), np.float64(18.006915216328476))
2025-11-24 18:43:10,708 INFO Accepted new point: (np.float64(50.0108668007374), np.float64(19.67857979332207))
2025-11-24 18:43:10,709 INFO Accepted new point: (np.float64(95.76124558666108), np.float64(63.18231111364936))
2025-11-24 18:43:10,710 INFO Accepted new point: (np.float64(56.06347228741235), np.float64(6.536843592246145))
2025-11-24 18:43:10,711 INFO Accepted new point: (np.float64(93.63967020114919), np.float64(42.16268665428182))
2025-11-24 18:43:10,712 INFO Accepted new point: (np.float64(65.5390598613649), np.float64(9.2692033083934))
2025-11-24 18:43:10,713 INFO Accepted new point: (np.float64(58.62695650727058), np.float64(99.77289133571894))
2025-11-24 18:43:10,714 INFO Accepted new point: (np.float64(65.67590917546339), np.float64(63.68581698410501))
2025-11-24 18:43:10,714 INFO Accepted new point: (np.float64(73.27927921756293), np.float64(24.259514995262286))
2025-11-24 18:43:10,715 INFO Accepted new point: (np.float64(82.57348832373457), np.float64(21.42528945274676))
2025-11-24 18:43:10,717 INFO Accepted new point: (np.float64(70.22495607345616), np.float64(16.807672289589757))
2025-11-24 18:43:10,719 INFO Accepted new point: (np.float64(86.83264331330687), np.float64(26.71794200249372))
2025-11-24 18:43:10,721 INFO Accepted new point: (np.float64(89.04939517222999), np.float64(17.287514302728532))
2025-11-24 18:43:10,722 INFO Accepted new point: (np.float64(79.38519823846423), np.float64(28.460986767760602))
2025-11-24 18:43:10,724 INFO Accepted new point: (np.float64(90.26511311384472), np.float64(46.024366527970784))
2025-11-24 18:43:10,725 INFO Accepted new point: (np.float64(96.87930921254886), np.float64(55.08799175539253))
2025-11-24 18:43:10,726 INFO Accepted new point: (np.float64(73.08622567702187), np.float64(98.09890490898164))
2025-11-24 18:43:10,727 INFO Accepted new point: (np.float64(91.7700701227694), np.float64(35.470049385701955))
2025-11-24 18:43:10,728 INFO Accepted new point: (np.float64(76.68588570407185), np.float64(20.530350113581587))
2025-11-24 18:43:10,729 INFO Accepted new point: (np.float64(48.175365548246326), np.float64(1.5581719441588002))
2025-11-24 18:43:10,730 INFO Accepted new point: (np.float64(92.26189330094081), np.float64(22.901416924187924))
2025-11-24 18:43:10,732 INFO Accepted new point: (np.float64(63.907229755007265), np.float64(16.36338504868321))
2025-11-24 18:43:10,733 INFO Accepted new point: (np.float64(83.51882244626094), np.float64(14.029199747552298))
2025-11-24 18:43:10,734 INFO Accepted new point: (np.float64(89.29599385358318), np.float64(96.26335434660339))
2025-11-24 18:43:10,738 INFO Accepted new point: (np.float64(98.21803778802757), np.float64(97.0786439075012))
2025-11-24 18:43:10,740 INFO Accepted new point: (np.float64(74.89928846844), np.float64(13.706265849088414))
2025-11-24 18:43:10,741 INFO Accepted new point: (np.float64(98.03655514604453), np.float64(36.08379327728715))
2025-11-24 18:43:10,742 INFO Accepted new point: (np.float64(75.27679882140488), np.float64(86.61379448597269))
2025-11-24 18:43:10,743 INFO Accepted new point: (np.float64(98.24943384441818), np.float64(30.921479187917072))
2025-11-24 18:43:10,744 INFO Accepted new point: (np.float64(97.43752119916421), np.float64(22.395087009984763))
2025-11-24 18:43:10,745 INFO Accepted new point: (np.float64(95.68872408229751), np.float64(17.068491437439828))
2025-11-24 18:43:10,747 INFO Accepted new point: (np.float64(98.0176083589352), np.float64(10.664606103996029))
2025-11-24 18:43:10,748 INFO Accepted new point: (np.float64(96.03494803999848), np.float64(47.33727567501085))
2025-11-24 18:43:10,750 INFO Accepted new point: (np.float64(93.02626966785203), np.float64(8.519992859303096))
2025-11-24 18:43:10,753 INFO Accepted new point: (np.float64(85.9669986140483), np.float64(7.481265411358446))
2025-11-24 18:43:10,755 INFO Accepted new point: (np.float64(92.59359139154765), np.float64(29.975651318162903))
2025-11-24 18:43:10,759 INFO Accepted new point: (np.float64(90.6844112346552), np.float64(1.723409557257792))
2025-11-24 18:43:10,760 INFO Accepted new point: (np.float64(79.4000434934423), np.float64(6.951536402173671))
2025-11-24 18:43:10,760 INFO Accepted new point: (np.float64(53.88203885557373), np.float64(0.14019397963632407))
2025-11-24 18:43:10,763 INFO Accepted new point: (np.float64(92.87471624076235), np.float64(99.81222343550986))
2025-11-24 18:43:10,764 INFO Accepted new point: (np.float64(60.74970322673705), np.float64(0.78663702129022))
2025-11-24 18:43:10,765 INFO Accepted new point: (np.float64(99.72339308354337), np.float64(67.36572468083051))
2025-11-24 18:43:10,766 INFO Accepted new point: (np.float64(69.98720859180008), np.float64(11.555087536600503))
2025-11-24 18:43:10,768 INFO Accepted new point: (np.float64(95.84529254084684), np.float64(2.1781792089177627))
2025-11-24 18:43:10,770 INFO Accepted new point: (np.float64(99.55549349121112), np.float64(59.31234378152184))
2025-11-24 18:43:10,771 INFO Accepted new point: (np.float64(71.15157129701345), np.float64(6.558517863696526))
2025-11-24 18:43:10,773 INFO Accepted new point: (np.float64(99.62242443468303), np.float64(5.657116618022579))
2025-11-24 18:43:10,773 INFO Accepted new point: (np.float64(82.88382822519083), np.float64(0.7922343478294991))
2025-11-24 18:43:10,775 INFO Accepted new point: (np.float64(77.49128325193874), np.float64(1.4126086422537725))
2025-11-24 18:43:10,779 INFO Accepted new point: (np.float64(92.36961492408754), np.float64(59.327212527818794))
2025-11-24 18:43:10,782 INFO Accepted new point: (np.float64(66.50354150655548), np.float64(3.768728932520113))
2025-11-24 18:43:10,784 INFO Accepted new point: (np.float64(71.00709374254052), np.float64(0.5584335750871898))
2025-11-24 18:43:10,786 INFO Sampling complete. Generated 261 points.
2025-11-24 18:43:10,787 INFO Generated 261 Poisson disc points.
2025-11-24 18:43:10,787 INFO Initialized VoronoiMap with 261 points, width=100, height=100
2025-11-24 18:43:10,811 INFO Generated Voronoi diagram with 261 polygons.
2025-11-24 18:43:10,811 INFO Voronoi diagram generated.
2025-11-24 18:43:10,926 INFO Initialized Simulation with forces: ([type: inf] Regiment(size=4000, stats=(4, 4, 0, 0), law='sq'), [type: inf] Regiment(size=3500, stats=(4, 6, 1, 0), law='sq'))
2025-11-24 18:43:10,927 INFO Building Lanchester differential equations for simulation.
